<?xml version="1.0" encoding="UTF-8"?>
<testsuite xmlns:xsi="http://www.w3.org/2001/XMLSchema-instance" xsi:noNamespaceSchemaLocation="https://maven.apache.org/surefire/maven-surefire-plugin/xsd/surefire-test-report.xsd" name="com.smarsh.SpringbootAwsS3ApplicationTests" time="0.184" tests="1" errors="1" skipped="0" failures="0">
  <properties>
[...]
</properties>
  <testcase name="com.smarsh.SpringbootAwsS3ApplicationTests" classname="com.smarsh.SpringbootAwsS3ApplicationTests" time="0.183">
    <error message="Unable to find a @SpringBootConfiguration, you need to use @ContextConfiguration or @SpringBootTest(classes=...) with your test" type="java.lang.IllegalStateException">java.lang.IllegalStateException: Unable to find a @SpringBootConfiguration, you need to use @ContextConfiguration or @SpringBootTest(classes=...) with your test
</error>
    <system-out><![CDATA[07:58:23.644 [main] DEBUG org.springframework.test.context.BootstrapUtils - Instantiating CacheAwareContextLoaderDelegate from class [org.springframework.test.context.cache.DefaultCacheAwareContextLoaderDelegate]
07:58:23.656 [main] DEBUG org.springframework.test.context.BootstrapUtils - Instantiating BootstrapContext using constructor [public org.springframework.test.context.support.DefaultBootstrapContext(java.lang.Class,org.springframework.test.context.CacheAwareContextLoaderDelegate)]
07:58:23.681 [main] DEBUG org.springframework.test.context.BootstrapUtils - Instantiating TestContextBootstrapper for test class [com.smarsh.SpringbootAwsS3ApplicationTests] from class [org.springframework.boot.test.context.SpringBootTestContextBootstrapper]
07:58:23.689 [main] INFO org.springframework.boot.test.context.SpringBootTestContextBootstrapper - Neither @ContextConfiguration nor @ContextHierarchy found for test class [com.smarsh.SpringbootAwsS3ApplicationTests], using SpringBootContextLoader
07:58:23.693 [main] DEBUG org.springframework.test.context.support.AbstractContextLoader - Did not detect default resource location for test class [com.smarsh.SpringbootAwsS3ApplicationTests]: class path resource [com/smarsh/SpringbootAwsS3ApplicationTests-context.xml] does not exist
07:58:23.693 [main] DEBUG org.springframework.test.context.support.AbstractContextLoader - Did not detect default resource location for test class [com.smarsh.SpringbootAwsS3ApplicationTests]: class path resource [com/smarsh/SpringbootAwsS3ApplicationTestsContext.groovy] does not exist
07:58:23.693 [main] INFO org.springframework.test.context.support.AbstractContextLoader - Could not detect default resource locations for test class [com.smarsh.SpringbootAwsS3ApplicationTests]: no resource found for suffixes {-context.xml, Context.groovy}.
07:58:23.694 [main] INFO org.springframework.test.context.support.AnnotationConfigContextLoaderUtils - Could not detect default configuration classes for test class [com.smarsh.SpringbootAwsS3ApplicationTests]: SpringbootAwsS3ApplicationTests does not declare any static, non-private, non-final, nested classes annotated with @Configuration.
07:58:23.726 [main] DEBUG org.springframework.test.context.support.ActiveProfilesUtils - Could not find an 'annotation declaring class' for annotation type [org.springframework.test.context.ActiveProfiles] and class [com.smarsh.SpringbootAwsS3ApplicationTests]
]]></system-out>
  </testcase>
</testsuite>